{
  "0 debug pnpm:scope": {
    "selected": 1
  },
  "1 error pnpm": {
    "code": "ELIFECYCLE",
    "errno": "ENOENT",
    "syscall": "spawn",
    "file": "sh",
    "pkgid": "svelte-jester-preprocess-issue@0.0.1",
    "stage": "test",
    "script": "NODE_OPTIONS=--experimental-vm-modules jest src --config jest.config.json",
    "pkgname": "svelte-jester-preprocess-issue",
    "err": {
      "name": "Error",
      "message": "svelte-jester-preprocess-issue@0.0.1 test: `NODE_OPTIONS=--experimental-vm-modules jest src --config jest.config.json`\nspawn ENOENT",
      "code": "ELIFECYCLE",
      "stack": "Error: svelte-jester-preprocess-issue@0.0.1 test: `NODE_OPTIONS=--experimental-vm-modules jest src --config jest.config.json`\nspawn ENOENT\n    at ChildProcess.<anonymous> (/home/eden/.node/corepack/pnpm/6.11.0/dist/pnpm.cjs:93073:22)\n    at ChildProcess.emit (node:events:390:28)\n    at maybeClose (node:internal/child_process:1064:16)\n    at Process.ChildProcess._handle.onexit (node:internal/child_process:301:5)"
    }
  }
}